# JRE version: OpenJDK Runtime Environment (15.0.2+10) (build 15.0.2+10)
# Java VM: OpenJDK 64-Bit Server VM (15.0.2+10, mixed mode, tiered, compressed oops, g1 gc, bsd-aarch64)
GC Precious Log:
 CPUs: 8 total, 8 available
 Memory: 8192M
 Large Page Support: Disabled
 NUMA Support: Disabled
 Compressed Oops: Enabled (Zero based)
 Heap Region Size: 1M
 Heap Min Capacity: 8M
 Heap Initial Capacity: 128M
 Heap Max Capacity: 2G
 Pre-touch: Disabled
 Parallel Workers: 8
 Concurrent Workers: 2
 Concurrent Refinement Workers: 8
 Periodic GC: Disabled
Heap:
 garbage-first heap   total 293888K, used 155505K [0x0000000740000000, 0x00000007c0000000)
  region size 1024K, 9 young (9216K), 4 survivors (4096K)
 Metaspace       used 70934K, capacity 71575K, committed 72624K, reserved 1112064K
  class space    used 9145K, capacity 9400K, committed 9472K, reserved 1048576K
GC Heap History (20 events):
Event: 147.920 GC heap before
{Heap before GC invocations=34 (full 0):
 garbage-first heap   total 239616K, used 140815K [0x0000000740000000, 0x00000007c0000000)
  region size 1024K, 4 young (4096K), 2 survivors (2048K)
 Metaspace       used 61457K, capacity 61949K, committed 62896K, reserved 1103872K
  class space    used 8009K, capacity 8179K, committed 8192K, reserved 1048576K
}
Event: 147.922 GC heap after
{Heap after GC invocations=35 (full 0):
 garbage-first heap   total 239616K, used 140960K [0x0000000740000000, 0x00000007c0000000)
  region size 1024K, 2 young (2048K), 2 survivors (2048K)
 Metaspace       used 61457K, capacity 61949K, committed 62896K, reserved 1103872K
  class space    used 8009K, capacity 8179K, committed 8192K, reserved 1048576K
}
Event: 148.027 GC heap before
{Heap before GC invocations=36 (full 0):
 garbage-first heap   total 273408K, used 161440K [0x0000000740000000, 0x00000007c0000000)
  region size 1024K, 4 young (4096K), 2 survivors (2048K)
 Metaspace       used 61467K, capacity 61949K, committed 62896K, reserved 1103872K
  class space    used 8009K, capacity 8179K, committed 8192K, reserved 1048576K
}
Event: 148.029 GC heap after
{Heap after GC invocations=37 (full 0):
 garbage-first heap   total 273408K, used 139946K [0x0000000740000000, 0x00000007c0000000)
  region size 1024K, 2 young (2048K), 2 survivors (2048K)
 Metaspace       used 61467K, capacity 61949K, committed 62896K, reserved 1103872K
  class space    used 8009K, capacity 8179K, committed 8192K, reserved 1048576K
}
Event: 154.249 GC heap before
{Heap before GC invocations=38 (full 0):
 garbage-first heap   total 273408K, used 165546K [0x0000000740000000, 0x00000007c0000000)
  region size 1024K, 8 young (8192K), 2 survivors (2048K)
 Metaspace       used 61814K, capacity 62367K, committed 63536K, reserved 1103872K
  class space    used 8033K, capacity 8211K, committed 8320K, reserved 1048576K
}
Event: 154.257 GC heap after
{Heap after GC invocations=39 (full 0):
 garbage-first heap   total 273408K, used 140043K [0x0000000740000000, 0x00000007c0000000)
  region size 1024K, 2 young (2048K), 2 survivors (2048K)
 Metaspace       used 61814K, capacity 62367K, committed 63536K, reserved 1103872K
  class space    used 8033K, capacity 8211K, committed 8320K, reserved 1048576K
}
Event: 159.420 GC heap before
{Heap before GC invocations=40 (full 0):
 garbage-first heap   total 275456K, used 178955K [0x0000000740000000, 0x00000007c0000000)
  region size 1024K, 20 young (20480K), 2 survivors (2048K)
 Metaspace       used 65252K, capacity 65833K, committed 66992K, reserved 1107968K
  class space    used 8436K, capacity 8635K, committed 8704K, reserved 1048576K
}
Event: 159.432 GC heap after
{Heap after GC invocations=41 (full 0):
 garbage-first heap   total 275456K, used 143752K [0x0000000740000000, 0x00000007c0000000)
  region size 1024K, 4 young (4096K), 4 survivors (4096K)
 Metaspace       used 65252K, capacity 65833K, committed 66992K, reserved 1107968K
  class space    used 8436K, capacity 8635K, committed 8704K, reserved 1048576K
}
Event: 161.384 GC heap before
{Heap before GC invocations=42 (full 0):
 garbage-first heap   total 278528K, used 172424K [0x0000000740000000, 0x00000007c0000000)
  region size 1024K, 7 young (7168K), 4 survivors (4096K)
 Metaspace       used 65257K, capacity 65833K, committed 66992K, reserved 1107968K
  class space    used 8436K, capacity 8635K, committed 8704K, reserved 1048576K
}
Event: 161.405 GC heap after
{Heap after GC invocations=43 (full 0):
 garbage-first heap   total 278528K, used 147934K [0x0000000740000000, 0x00000007c0000000)
  region size 1024K, 4 young (4096K), 4 survivors (4096K)
 Metaspace       used 65257K, capacity 65833K, committed 66992K, reserved 1107968K
  class space    used 8436K, capacity 8635K, committed 8704K, reserved 1048576K
}
Event: 164.403 GC heap before
{Heap before GC invocations=44 (full 0):
 garbage-first heap   total 285696K, used 178654K [0x0000000740000000, 0x00000007c0000000)
  region size 1024K, 9 young (9216K), 4 survivors (4096K)
 Metaspace       used 65399K, capacity 65929K, committed 66992K, reserved 1107968K
  class space    used 8456K, capacity 8667K, committed 8704K, reserved 1048576K
}
Event: 164.415 GC heap after
{Heap after GC invocations=45 (full 0):
 garbage-first heap   total 285696K, used 148111K [0x0000000740000000, 0x00000007c0000000)
  region size 1024K, 4 young (4096K), 4 survivors (4096K)
 Metaspace       used 65399K, capacity 65929K, committed 66992K, reserved 1107968K
  class space    used 8456K, capacity 8667K, committed 8704K, reserved 1048576K
}
Event: 164.625 GC heap before
{Heap before GC invocations=46 (full 0):
 garbage-first heap   total 290816K, used 172687K [0x0000000740000000, 0x00000007c0000000)
  region size 1024K, 10 young (10240K), 4 survivors (4096K)
 Metaspace       used 67990K, capacity 68566K, committed 69680K, reserved 1110016K
  class space    used 8773K, capacity 8989K, committed 9088K, reserved 1048576K
}
Event: 164.629 GC heap after
{Heap after GC invocations=47 (full 0):
 garbage-first heap   total 290816K, used 148647K [0x0000000740000000, 0x00000007c0000000)
  region size 1024K, 4 young (4096K), 4 survivors (4096K)
 Metaspace       used 67990K, capacity 68566K, committed 69680K, reserved 1110016K
  class space    used 8773K, capacity 8989K, committed 9088K, reserved 1048576K
}
Event: 167.344 GC heap before
{Heap before GC invocations=48 (full 0):
 garbage-first heap   total 290816K, used 188583K [0x0000000740000000, 0x00000007c0000000)
  region size 1024K, 18 young (18432K), 4 survivors (4096K)
 Metaspace       used 70202K, capacity 70826K, committed 71728K, reserved 1112064K
  class space    used 9078K, capacity 9325K, committed 9344K, reserved 1048576K
}
Event: 167.350 GC heap after
{Heap after GC invocations=49 (full 0):
 garbage-first heap   total 290816K, used 170381K [0x0000000740000000, 0x00000007c0000000)
  region size 1024K, 6 young (6144K), 6 survivors (6144K)
 Metaspace       used 70202K, capacity 70826K, committed 71728K, reserved 1112064K
  class space    used 9078K, capacity 9325K, committed 9344K, reserved 1048576K
}
Event: 179.750 GC heap before
{Heap before GC invocations=50 (full 0):
 garbage-first heap   total 293888K, used 178573K [0x0000000740000000, 0x00000007c0000000)
  region size 1024K, 13 young (13312K), 6 survivors (6144K)
 Metaspace       used 70897K, capacity 71511K, committed 72368K, reserved 1112064K
  class space    used 9145K, capacity 9400K, committed 9472K, reserved 1048576K
}
Event: 179.777 GC heap after
{Heap after GC invocations=51 (full 0):
 garbage-first heap   total 293888K, used 152042K [0x0000000740000000, 0x00000007c0000000)
  region size 1024K, 5 young (5120K), 5 survivors (5120K)
 Metaspace       used 70897K, capacity 71511K, committed 72368K, reserved 1112064K
  class space    used 9145K, capacity 9400K, committed 9472K, reserved 1048576K
}
Event: 179.858 GC heap before
{Heap before GC invocations=52 (full 0):
 garbage-first heap   total 293888K, used 173546K [0x0000000740000000, 0x00000007c0000000)
  region size 1024K, 7 young (7168K), 5 survivors (5120K)
 Metaspace       used 70898K, capacity 71511K, committed 72368K, reserved 1112064K
  class space    used 9145K, capacity 9400K, committed 9472K, reserved 1048576K
}
Event: 179.860 GC heap after
{Heap after GC invocations=53 (full 0):
 garbage-first heap   total 293888K, used 145265K [0x0000000740000000, 0x00000007c0000000)
  region size 1024K, 4 young (4096K), 4 survivors (4096K)
 Metaspace       used 70898K, capacity 71511K, committed 72368K, reserved 1112064K
  class space    used 9145K, capacity 9400K, committed 9472K, reserved 1048576K
}

